<?xml version="1.0" encoding="UTF-8"?>
<!-- Generated by org.testng.reporters.JUnitXMLReporter -->
<testsuite hostname="ADMIN-PC" ignored="0" name="Default test" tests="3" failures="0" timestamp="01 Nov 2019 17:56:19 GMT" time="52.546" errors="0">
  <testcase name="launchbrowser" time="26.672" classname="Project_Test1.homepage"/>
  <testcase name="verifyTitle" time="0.072" classname="Project_Test1.homepage"/>
  <testcase name="verifyurl" time="0.056" classname="Project_Test1.homepage"/>
</testsuite> <!-- Default test -->
