<?xml version="1.0" encoding="UTF-8"?>
<!-- Generated by org.testng.reporters.JUnitXMLReporter -->
<testsuite hostname="ADMIN-PC" ignored="0" name="Default test" tests="6" failures="0" timestamp="02 Nov 2019 05:58:00 GMT" time="69.042" errors="0">
  <testcase name="getMessagefromGupt2" time="0.1" classname="Project_Test1.Test4"/>
  <testcase name="getMessagefromGupt1" time="0.01" classname="Project_Test1.Test3"/>
  <testcase name="launchbrowser" time="9.011" classname="Project_Test1.homepage"/>
  <testcase name="verifyTitle" time="0.095" classname="Project_Test1.homepage"/>
  <testcase name="verifyurl" time="0.055" classname="Project_Test1.homepage"/>
  <testcase name="getMessagefromGupt" time="0.009" classname="Project_Test1.Test2"/>
</testsuite> <!-- Default test -->
