<?xml version="1.0" encoding="UTF-8"?>
<!-- Generated by org.testng.reporters.JUnitXMLReporter -->
<testsuite hostname="ADMIN-PC" ignored="0" name="Test" tests="3" failures="0" timestamp="02 Nov 2019 11:00:59 GMT" time="50.84" errors="0">
  <testcase name="launchbrowser" time="14.684" classname="Project_Test1.homepage"/>
  <testcase name="verifyTitle" time="0.161" classname="Project_Test1.homepage"/>
  <testcase name="verifyurl" time="0.056" classname="Project_Test1.homepage"/>
</testsuite> <!-- Test -->
