<?xml version="1.0" encoding="UTF-8"?>
<testng-results skipped="0" failed="0" ignored="0" total="3" passed="3">
  <reporter-output>
  </reporter-output>
  <suite name="Suite" duration-ms="50840" started-at="2019-11-02T11:00:07Z" finished-at="2019-11-02T11:00:58Z">
    <groups>
    </groups>
    <test name="Test" duration-ms="50840" started-at="2019-11-02T11:00:07Z" finished-at="2019-11-02T11:00:58Z">
      <class name="Project_Test1.homepage">
        <test-method status="PASS" signature="setup()[pri:0, instance:Project_Test1.homepage@b7f003]" name="setup" is-config="true" duration-ms="34213" started-at="2019-11-02T11:00:08Z" finished-at="2019-11-02T11:00:42Z">
          <reporter-output>
          </reporter-output>
        </test-method> <!-- setup -->
        <test-method status="PASS" signature="launchbrowser()[pri:0, instance:Project_Test1.homepage@b7f003]" name="launchbrowser" duration-ms="14684" started-at="2019-11-02T11:00:42Z" finished-at="2019-11-02T11:00:57Z">
          <reporter-output>
          </reporter-output>
        </test-method> <!-- launchbrowser -->
        <test-method status="PASS" signature="verifyTitle()[pri:0, instance:Project_Test1.homepage@b7f003]" name="verifyTitle" duration-ms="161" started-at="2019-11-02T11:00:57Z" finished-at="2019-11-02T11:00:57Z">
          <reporter-output>
          </reporter-output>
        </test-method> <!-- verifyTitle -->
        <test-method status="PASS" signature="verifyurl()[pri:0, instance:Project_Test1.homepage@b7f003]" name="verifyurl" duration-ms="56" started-at="2019-11-02T11:00:57Z" finished-at="2019-11-02T11:00:57Z">
          <reporter-output>
          </reporter-output>
        </test-method> <!-- verifyurl -->
        <test-method status="PASS" signature="tearDown()[pri:0, instance:Project_Test1.homepage@b7f003]" name="tearDown" is-config="true" duration-ms="1462" started-at="2019-11-02T11:00:57Z" finished-at="2019-11-02T11:00:58Z">
          <reporter-output>
          </reporter-output>
        </test-method> <!-- tearDown -->
      </class> <!-- Project_Test1.homepage -->
    </test> <!-- Test -->
  </suite> <!-- Suite -->
</testng-results>
